<?xml version="1.0" encoding="UTF-8"?>
<!-- Generated by org.testng.reporters.JUnitXMLReporter -->
<testsuite hostname="DESKTOP-4EFQLTI" ignored="0" name="Test1" tests="10" failures="0" timestamp="2020-04-24T16:21:46 GMT" time="23.778" errors="0">
  <testcase name="@BeforeTest setupAppium" time="23.485" classname="appium_Package.TestngTecno">
    <failure type="org.openqa.selenium.SessionNotCreatedException" message="Unable to create a new remote session. Original error: Failed to connect to /10.0.1.4:4723
Build info: version: &amp;apos;3.141.59&amp;apos;, revision: &amp;apos;e82be7d358&amp;apos;, time: &amp;apos;2018-11-14T08:25:48&amp;apos;
System info: host: &amp;apos;DESKTOP-4EFQLTI&amp;apos;, ip: &amp;apos;192.168.43.186&amp;apos;, os.name: &amp;apos;Windows 10&amp;apos;, os.arch: &amp;apos;amd64&amp;apos;, os.version: &amp;apos;10.0&amp;apos;, java.version: &amp;apos;1.8.0_161&amp;apos;
Driver info: driver.version: AndroidDriver">
      <![CDATA[org.openqa.selenium.SessionNotCreatedException: Unable to create a new remote session. Original error: Failed to connect to /10.0.1.4:4723
Build info: version: '3.141.59', revision: 'e82be7d358', time: '2018-11-14T08:25:48'
System info: host: 'DESKTOP-4EFQLTI', ip: '192.168.43.186', os.name: 'Windows 10', os.arch: 'amd64', os.version: '10.0', java.version: '1.8.0_161'
Driver info: driver.version: AndroidDriver
at io.appium.java_client.remote.AppiumCommandExecutor$1.createSession(AppiumCommandExecutor.java:208)
at io.appium.java_client.remote.AppiumCommandExecutor.createSession(AppiumCommandExecutor.java:217)
at io.appium.java_client.remote.AppiumCommandExecutor.execute(AppiumCommandExecutor.java:239)
at org.openqa.selenium.remote.RemoteWebDriver.execute(RemoteWebDriver.java:552)
at io.appium.java_client.DefaultGenericMobileDriver.execute(DefaultGenericMobileDriver.java:41)
at io.appium.java_client.AppiumDriver.execute(AppiumDriver.java:1)
at io.appium.java_client.android.AndroidDriver.execute(AndroidDriver.java:1)
at org.openqa.selenium.remote.RemoteWebDriver.startSession(RemoteWebDriver.java:213)
at io.appium.java_client.AppiumDriver.startSession(AppiumDriver.java:336)
at org.openqa.selenium.remote.RemoteWebDriver.<init>(RemoteWebDriver.java:131)
at io.appium.java_client.DefaultGenericMobileDriver.<init>(DefaultGenericMobileDriver.java:37)
at io.appium.java_client.AppiumDriver.<init>(AppiumDriver.java:88)
at io.appium.java_client.AppiumDriver.<init>(AppiumDriver.java:98)
at io.appium.java_client.android.AndroidDriver.<init>(AndroidDriver.java:94)
at appium_Package.TestngTecno.setupAppium(TestngTecno.java:57)
at io.appium.java_client.remote.AppiumCommandExecutor$1.createSession(AppiumCommandExecutor.java:186)
... 38 more
Caused by: java.net.ConnectException: Failed to connect to /10.0.1.4:4723
at okhttp3.internal.connection.RealConnection.connectSocket(RealConnection.java:247)
at okhttp3.internal.connection.RealConnection.connect(RealConnection.java:165)
at okhttp3.internal.connection.StreamAllocation.findConnection(StreamAllocation.java:257)
at okhttp3.internal.connection.StreamAllocation.findHealthyConnection(StreamAllocation.java:135)
at okhttp3.internal.connection.StreamAllocation.newStream(StreamAllocation.java:114)
at okhttp3.internal.connection.ConnectInterceptor.intercept(ConnectInterceptor.java:42)
at okhttp3.internal.http.RealInterceptorChain.proceed(RealInterceptorChain.java:147)
at okhttp3.internal.http.RealInterceptorChain.proceed(RealInterceptorChain.java:121)
at okhttp3.internal.cache.CacheInterceptor.intercept(CacheInterceptor.java:93)
at okhttp3.internal.http.RealInterceptorChain.proceed(RealInterceptorChain.java:147)
at okhttp3.internal.http.RealInterceptorChain.proceed(RealInterceptorChain.java:121)
at okhttp3.internal.http.BridgeInterceptor.intercept(BridgeInterceptor.java:93)
at okhttp3.internal.http.RealInterceptorChain.proceed(RealInterceptorChain.java:147)
at okhttp3.internal.http.RetryAndFollowUpInterceptor.intercept(RetryAndFollowUpInterceptor.java:126)
at okhttp3.internal.http.RealInterceptorChain.proceed(RealInterceptorChain.java:147)
at okhttp3.internal.http.RealInterceptorChain.proceed(RealInterceptorChain.java:121)
at okhttp3.RealCall.getResponseWithInterceptorChain(RealCall.java:200)
at okhttp3.RealCall.execute(RealCall.java:77)
at org.openqa.selenium.remote.internal.OkHttpClient.execute(OkHttpClient.java:103)
at org.openqa.selenium.remote.ProtocolHandshake.createSession(ProtocolHandshake.java:105)
... 43 more
Caused by: java.net.ConnectException: Connection timed out: connect
at java.net.DualStackPlainSocketImpl.waitForConnect(Native Method)
at java.net.DualStackPlainSocketImpl.socketConnect(DualStackPlainSocketImpl.java:85)
at java.net.AbstractPlainSocketImpl.doConnect(AbstractPlainSocketImpl.java:350)
at java.net.AbstractPlainSocketImpl.connectToAddress(AbstractPlainSocketImpl.java:206)
at java.net.AbstractPlainSocketImpl.connect(AbstractPlainSocketImpl.java:188)
at java.net.PlainSocketImpl.connect(PlainSocketImpl.java:172)
at java.net.SocksSocketImpl.connect(SocksSocketImpl.java:392)
at java.net.Socket.connect(Socket.java:589)
at okhttp3.internal.platform.Platform.connectSocket(Platform.java:129)
at okhttp3.internal.connection.RealConnection.connectSocket(RealConnection.java:245)
... 62 more
... Removed 29 stack frames]]>
    </failure>
  </testcase> <!-- @BeforeTest setupAppium -->
  <testcase name="@AfterTest tearDown" time="-1.58774530654E9" classname="appium_Package.TestngTecno">
    <skipped/>
  </testcase> <!-- @AfterTest tearDown -->
  <testcase name="CreateAccount" time="0.0" classname="appium_Package.TestngTecno">
    <skipped/>
  </testcase> <!-- CreateAccount -->
  <testcase name="CreateAccount" time="0.0" classname="appium_Package.TestngTecno">
    <skipped/>
  </testcase> <!-- CreateAccount -->
  <testcase name="CreateAccount" time="0.0" classname="appium_Package.TestngTecno">
    <skipped/>
  </testcase> <!-- CreateAccount -->
  <testcase name="CreateAccount" time="0.0" classname="appium_Package.TestngTecno">
    <skipped/>
  </testcase> <!-- CreateAccount -->
  <testcase name="CreateAccount" time="0.001" classname="appium_Package.TestngTecno">
    <skipped/>
  </testcase> <!-- CreateAccount -->
  <testcase name="CreateAccount" time="0.0" classname="appium_Package.TestngTecno">
    <skipped/>
  </testcase> <!-- CreateAccount -->
  <testcase name="CreateAccount" time="0.0" classname="appium_Package.TestngTecno">
    <skipped/>
  </testcase> <!-- CreateAccount -->
  <testcase name="CreateAccount" time="0.0" classname="appium_Package.TestngTecno">
    <skipped/>
  </testcase> <!-- CreateAccount -->
  <testcase name="CreateAccount" time="0.0" classname="appium_Package.TestngTecno">
    <skipped/>
  </testcase> <!-- CreateAccount -->
  <testcase name="CreateAccount" time="0.0" classname="appium_Package.TestngTecno">
    <skipped/>
  </testcase> <!-- CreateAccount -->
</testsuite> <!-- Test1 -->
