<?xml version="1.0" encoding="UTF-8"?>
<!-- Generated by org.testng.reporters.JUnitXMLReporter -->
<testsuite hostname="DESKTOP-4EFQLTI" ignored="0" name="Test1(failed)" tests="8" failures="8" timestamp="2020-03-03T11:51:40 GMT" time="108.083" errors="0">
  <testcase name="CreateAccount" time="43.9" classname="appium_Package.TestngTecno">
    <failure type="org.openqa.selenium.NoSuchElementException" message="An element could not be located on the page using the given search parameters.
For documentation on this error, please visit: https://www.seleniumhq.org/exceptions/no_such_element.html
Build info: version: &amp;apos;3.141.59&amp;apos;, revision: &amp;apos;e82be7d358&amp;apos;, time: &amp;apos;2018-11-14T08:25:48&amp;apos;
System info: host: &amp;apos;DESKTOP-4EFQLTI&amp;apos;, ip: &amp;apos;192.168.1.187&amp;apos;, os.name: &amp;apos;Windows 10&amp;apos;, os.arch: &amp;apos;amd64&amp;apos;, os.version: &amp;apos;10.0&amp;apos;, java.version: &amp;apos;1.8.0_161&amp;apos;
Driver info: io.appium.java_client.android.AndroidDriver
Capabilities {appActivity: com.obertys.fadel.customerc..., appPackage: com.obertys.fadel.customerc..., databaseEnabled: false, desired: {appActivity: com.obertys.fadel.customerc..., appPackage: com.obertys.fadel.customerc..., deviceName: Tecno J8, noReset: true, platformName: android, platformVersion: 5.1, udid: 0153801730301908}, deviceApiLevel: 22, deviceManufacturer: TECNO, deviceModel: TECNO-J8, deviceName: 0153801730301908, deviceScreenDensity: 320, deviceScreenSize: 720x1280, deviceUDID: 0153801730301908, javascriptEnabled: true, locationContextEnabled: false, networkConnectionEnabled: true, noReset: true, pixelRatio: 2, platform: LINUX, platformName: Android, platformVersion: 5.1, statBarHeight: 50, takesScreenshot: true, udid: 0153801730301908, viewportRect: {height: 1154, left: 0, top: 50, width: 720}, warnings: {}, webStorageEnabled: false}
Session ID: 8f1ca7fb-d12e-4a28-9c77-ce8b8088ed0b
*** Element info: {Using=xpath, value=/hierarchy/android.widget.FrameLayout/android.widget.LinearLayout/android.widget.FrameLayout/android.widget.LinearLayout/android.widget.FrameLayout/android.support.v4.widget.DrawerLayout/android.view.View/android.view.View/android.widget.FrameLayout/android.widget.ScrollView/android.widget.LinearLayout/android.widget.LinearLayout/android.widget.RelativeLayout[3]/android.widget.RelativeLayout/android.widget.LinearLayout/android.widget.LinearLayout/android.widget.Button}">
      <![CDATA[org.openqa.selenium.NoSuchElementException: An element could not be located on the page using the given search parameters.
For documentation on this error, please visit: https://www.seleniumhq.org/exceptions/no_such_element.html
Build info: version: '3.141.59', revision: 'e82be7d358', time: '2018-11-14T08:25:48'
System info: host: 'DESKTOP-4EFQLTI', ip: '192.168.1.187', os.name: 'Windows 10', os.arch: 'amd64', os.version: '10.0', java.version: '1.8.0_161'
Driver info: io.appium.java_client.android.AndroidDriver
Capabilities {appActivity: com.obertys.fadel.customerc..., appPackage: com.obertys.fadel.customerc..., databaseEnabled: false, desired: {appActivity: com.obertys.fadel.customerc..., appPackage: com.obertys.fadel.customerc..., deviceName: Tecno J8, noReset: true, platformName: android, platformVersion: 5.1, udid: 0153801730301908}, deviceApiLevel: 22, deviceManufacturer: TECNO, deviceModel: TECNO-J8, deviceName: 0153801730301908, deviceScreenDensity: 320, deviceScreenSize: 720x1280, deviceUDID: 0153801730301908, javascriptEnabled: true, locationContextEnabled: false, networkConnectionEnabled: true, noReset: true, pixelRatio: 2, platform: LINUX, platformName: Android, platformVersion: 5.1, statBarHeight: 50, takesScreenshot: true, udid: 0153801730301908, viewportRect: {height: 1154, left: 0, top: 50, width: 720}, warnings: {}, webStorageEnabled: false}
Session ID: 8f1ca7fb-d12e-4a28-9c77-ce8b8088ed0b
*** Element info: {Using=xpath, value=/hierarchy/android.widget.FrameLayout/android.widget.LinearLayout/android.widget.FrameLayout/android.widget.LinearLayout/android.widget.FrameLayout/android.support.v4.widget.DrawerLayout/android.view.View/android.view.View/android.widget.FrameLayout/android.widget.ScrollView/android.widget.LinearLayout/android.widget.LinearLayout/android.widget.RelativeLayout[3]/android.widget.RelativeLayout/android.widget.LinearLayout/android.widget.LinearLayout/android.widget.Button}
at org.openqa.selenium.remote.http.W3CHttpResponseCodec.createException(W3CHttpResponseCodec.java:187)
at org.openqa.selenium.remote.http.W3CHttpResponseCodec.decode(W3CHttpResponseCodec.java:122)
at org.openqa.selenium.remote.http.W3CHttpResponseCodec.decode(W3CHttpResponseCodec.java:49)
at org.openqa.selenium.remote.HttpCommandExecutor.execute(HttpCommandExecutor.java:158)
at io.appium.java_client.remote.AppiumCommandExecutor.execute(AppiumCommandExecutor.java:239)
at org.openqa.selenium.remote.RemoteWebDriver.execute(RemoteWebDriver.java:552)
at io.appium.java_client.DefaultGenericMobileDriver.execute(DefaultGenericMobileDriver.java:41)
at io.appium.java_client.AppiumDriver.execute(AppiumDriver.java:1)
at io.appium.java_client.android.AndroidDriver.execute(AndroidDriver.java:1)
at org.openqa.selenium.remote.RemoteWebDriver.findElement(RemoteWebDriver.java:323)
at io.appium.java_client.DefaultGenericMobileDriver.findElement(DefaultGenericMobileDriver.java:61)
at io.appium.java_client.AppiumDriver.findElement(AppiumDriver.java:1)
at io.appium.java_client.android.AndroidDriver.findElement(AndroidDriver.java:1)
at org.openqa.selenium.remote.RemoteWebDriver.findElementByXPath(RemoteWebDriver.java:428)
at io.appium.java_client.DefaultGenericMobileDriver.findElementByXPath(DefaultGenericMobileDriver.java:151)
at io.appium.java_client.AppiumDriver.findElementByXPath(AppiumDriver.java:1)
at io.appium.java_client.android.AndroidDriver.findElementByXPath(AndroidDriver.java:1)
at org.openqa.selenium.By$ByXPath.findElement(By.java:353)
at org.openqa.selenium.remote.RemoteWebDriver.findElement(RemoteWebDriver.java:315)
at io.appium.java_client.DefaultGenericMobileDriver.findElement(DefaultGenericMobileDriver.java:57)
at io.appium.java_client.AppiumDriver.findElement(AppiumDriver.java:1)
at io.appium.java_client.android.AndroidDriver.findElement(AndroidDriver.java:1)
at appium_Package.TestngTecno.CreateAccount(TestngTecno.java:420)
at java.util.ArrayList.forEach(Unknown Source)
... Removed 31 stack frames]]>
    </failure>
  </testcase> <!-- CreateAccount -->
  <testcase name="CreateAccount" time="5.162" classname="appium_Package.TestngTecno">
    <failure type="org.openqa.selenium.NoSuchElementException" message="An element could not be located on the page using the given search parameters.
For documentation on this error, please visit: https://www.seleniumhq.org/exceptions/no_such_element.html
Build info: version: &amp;apos;3.141.59&amp;apos;, revision: &amp;apos;e82be7d358&amp;apos;, time: &amp;apos;2018-11-14T08:25:48&amp;apos;
System info: host: &amp;apos;DESKTOP-4EFQLTI&amp;apos;, ip: &amp;apos;192.168.1.187&amp;apos;, os.name: &amp;apos;Windows 10&amp;apos;, os.arch: &amp;apos;amd64&amp;apos;, os.version: &amp;apos;10.0&amp;apos;, java.version: &amp;apos;1.8.0_161&amp;apos;
Driver info: io.appium.java_client.android.AndroidDriver
Capabilities {appActivity: com.obertys.fadel.customerc..., appPackage: com.obertys.fadel.customerc..., databaseEnabled: false, desired: {appActivity: com.obertys.fadel.customerc..., appPackage: com.obertys.fadel.customerc..., deviceName: Tecno J8, noReset: true, platformName: android, platformVersion: 5.1, udid: 0153801730301908}, deviceApiLevel: 22, deviceManufacturer: TECNO, deviceModel: TECNO-J8, deviceName: 0153801730301908, deviceScreenDensity: 320, deviceScreenSize: 720x1280, deviceUDID: 0153801730301908, javascriptEnabled: true, locationContextEnabled: false, networkConnectionEnabled: true, noReset: true, pixelRatio: 2, platform: LINUX, platformName: Android, platformVersion: 5.1, statBarHeight: 50, takesScreenshot: true, udid: 0153801730301908, viewportRect: {height: 1154, left: 0, top: 50, width: 720}, warnings: {}, webStorageEnabled: false}
Session ID: 8f1ca7fb-d12e-4a28-9c77-ce8b8088ed0b
*** Element info: {Using=id, value=com.obertys.fadel.customercorner:id/cardView}">
      <![CDATA[org.openqa.selenium.NoSuchElementException: An element could not be located on the page using the given search parameters.
For documentation on this error, please visit: https://www.seleniumhq.org/exceptions/no_such_element.html
Build info: version: '3.141.59', revision: 'e82be7d358', time: '2018-11-14T08:25:48'
System info: host: 'DESKTOP-4EFQLTI', ip: '192.168.1.187', os.name: 'Windows 10', os.arch: 'amd64', os.version: '10.0', java.version: '1.8.0_161'
Driver info: io.appium.java_client.android.AndroidDriver
Capabilities {appActivity: com.obertys.fadel.customerc..., appPackage: com.obertys.fadel.customerc..., databaseEnabled: false, desired: {appActivity: com.obertys.fadel.customerc..., appPackage: com.obertys.fadel.customerc..., deviceName: Tecno J8, noReset: true, platformName: android, platformVersion: 5.1, udid: 0153801730301908}, deviceApiLevel: 22, deviceManufacturer: TECNO, deviceModel: TECNO-J8, deviceName: 0153801730301908, deviceScreenDensity: 320, deviceScreenSize: 720x1280, deviceUDID: 0153801730301908, javascriptEnabled: true, locationContextEnabled: false, networkConnectionEnabled: true, noReset: true, pixelRatio: 2, platform: LINUX, platformName: Android, platformVersion: 5.1, statBarHeight: 50, takesScreenshot: true, udid: 0153801730301908, viewportRect: {height: 1154, left: 0, top: 50, width: 720}, warnings: {}, webStorageEnabled: false}
Session ID: 8f1ca7fb-d12e-4a28-9c77-ce8b8088ed0b
*** Element info: {Using=id, value=com.obertys.fadel.customercorner:id/cardView}
at org.openqa.selenium.remote.http.W3CHttpResponseCodec.createException(W3CHttpResponseCodec.java:187)
at org.openqa.selenium.remote.http.W3CHttpResponseCodec.decode(W3CHttpResponseCodec.java:122)
at org.openqa.selenium.remote.http.W3CHttpResponseCodec.decode(W3CHttpResponseCodec.java:49)
at org.openqa.selenium.remote.HttpCommandExecutor.execute(HttpCommandExecutor.java:158)
at io.appium.java_client.remote.AppiumCommandExecutor.execute(AppiumCommandExecutor.java:239)
at org.openqa.selenium.remote.RemoteWebDriver.execute(RemoteWebDriver.java:552)
at io.appium.java_client.DefaultGenericMobileDriver.execute(DefaultGenericMobileDriver.java:41)
at io.appium.java_client.AppiumDriver.execute(AppiumDriver.java:1)
at io.appium.java_client.android.AndroidDriver.execute(AndroidDriver.java:1)
at org.openqa.selenium.remote.RemoteWebDriver.findElement(RemoteWebDriver.java:323)
at io.appium.java_client.DefaultGenericMobileDriver.findElement(DefaultGenericMobileDriver.java:61)
at io.appium.java_client.AppiumDriver.findElement(AppiumDriver.java:1)
at io.appium.java_client.android.AndroidDriver.findElement(AndroidDriver.java:1)
at org.openqa.selenium.remote.RemoteWebDriver.findElementById(RemoteWebDriver.java:372)
at io.appium.java_client.DefaultGenericMobileDriver.findElementById(DefaultGenericMobileDriver.java:69)
at io.appium.java_client.AppiumDriver.findElementById(AppiumDriver.java:1)
at io.appium.java_client.android.AndroidDriver.findElementById(AndroidDriver.java:1)
at org.openqa.selenium.By$ById.findElement(By.java:188)
at org.openqa.selenium.remote.RemoteWebDriver.findElement(RemoteWebDriver.java:315)
at io.appium.java_client.DefaultGenericMobileDriver.findElement(DefaultGenericMobileDriver.java:57)
at io.appium.java_client.AppiumDriver.findElement(AppiumDriver.java:1)
at io.appium.java_client.android.AndroidDriver.findElement(AndroidDriver.java:1)
at appium_Package.TestngTecno.CreateAccount(TestngTecno.java:101)
at java.util.ArrayList.forEach(Unknown Source)
... Removed 31 stack frames]]>
    </failure>
  </testcase> <!-- CreateAccount -->
  <testcase name="CreateAccount" time="5.639" classname="appium_Package.TestngTecno">
    <failure type="org.openqa.selenium.NoSuchElementException" message="An element could not be located on the page using the given search parameters.
For documentation on this error, please visit: https://www.seleniumhq.org/exceptions/no_such_element.html
Build info: version: &amp;apos;3.141.59&amp;apos;, revision: &amp;apos;e82be7d358&amp;apos;, time: &amp;apos;2018-11-14T08:25:48&amp;apos;
System info: host: &amp;apos;DESKTOP-4EFQLTI&amp;apos;, ip: &amp;apos;192.168.1.187&amp;apos;, os.name: &amp;apos;Windows 10&amp;apos;, os.arch: &amp;apos;amd64&amp;apos;, os.version: &amp;apos;10.0&amp;apos;, java.version: &amp;apos;1.8.0_161&amp;apos;
Driver info: io.appium.java_client.android.AndroidDriver
Capabilities {appActivity: com.obertys.fadel.customerc..., appPackage: com.obertys.fadel.customerc..., databaseEnabled: false, desired: {appActivity: com.obertys.fadel.customerc..., appPackage: com.obertys.fadel.customerc..., deviceName: Tecno J8, noReset: true, platformName: android, platformVersion: 5.1, udid: 0153801730301908}, deviceApiLevel: 22, deviceManufacturer: TECNO, deviceModel: TECNO-J8, deviceName: 0153801730301908, deviceScreenDensity: 320, deviceScreenSize: 720x1280, deviceUDID: 0153801730301908, javascriptEnabled: true, locationContextEnabled: false, networkConnectionEnabled: true, noReset: true, pixelRatio: 2, platform: LINUX, platformName: Android, platformVersion: 5.1, statBarHeight: 50, takesScreenshot: true, udid: 0153801730301908, viewportRect: {height: 1154, left: 0, top: 50, width: 720}, warnings: {}, webStorageEnabled: false}
Session ID: 8f1ca7fb-d12e-4a28-9c77-ce8b8088ed0b
*** Element info: {Using=id, value=com.obertys.fadel.customercorner:id/cardView}">
      <![CDATA[org.openqa.selenium.NoSuchElementException: An element could not be located on the page using the given search parameters.
For documentation on this error, please visit: https://www.seleniumhq.org/exceptions/no_such_element.html
Build info: version: '3.141.59', revision: 'e82be7d358', time: '2018-11-14T08:25:48'
System info: host: 'DESKTOP-4EFQLTI', ip: '192.168.1.187', os.name: 'Windows 10', os.arch: 'amd64', os.version: '10.0', java.version: '1.8.0_161'
Driver info: io.appium.java_client.android.AndroidDriver
Capabilities {appActivity: com.obertys.fadel.customerc..., appPackage: com.obertys.fadel.customerc..., databaseEnabled: false, desired: {appActivity: com.obertys.fadel.customerc..., appPackage: com.obertys.fadel.customerc..., deviceName: Tecno J8, noReset: true, platformName: android, platformVersion: 5.1, udid: 0153801730301908}, deviceApiLevel: 22, deviceManufacturer: TECNO, deviceModel: TECNO-J8, deviceName: 0153801730301908, deviceScreenDensity: 320, deviceScreenSize: 720x1280, deviceUDID: 0153801730301908, javascriptEnabled: true, locationContextEnabled: false, networkConnectionEnabled: true, noReset: true, pixelRatio: 2, platform: LINUX, platformName: Android, platformVersion: 5.1, statBarHeight: 50, takesScreenshot: true, udid: 0153801730301908, viewportRect: {height: 1154, left: 0, top: 50, width: 720}, warnings: {}, webStorageEnabled: false}
Session ID: 8f1ca7fb-d12e-4a28-9c77-ce8b8088ed0b
*** Element info: {Using=id, value=com.obertys.fadel.customercorner:id/cardView}
at org.openqa.selenium.remote.http.W3CHttpResponseCodec.createException(W3CHttpResponseCodec.java:187)
at org.openqa.selenium.remote.http.W3CHttpResponseCodec.decode(W3CHttpResponseCodec.java:122)
at org.openqa.selenium.remote.http.W3CHttpResponseCodec.decode(W3CHttpResponseCodec.java:49)
at org.openqa.selenium.remote.HttpCommandExecutor.execute(HttpCommandExecutor.java:158)
at io.appium.java_client.remote.AppiumCommandExecutor.execute(AppiumCommandExecutor.java:239)
at org.openqa.selenium.remote.RemoteWebDriver.execute(RemoteWebDriver.java:552)
at io.appium.java_client.DefaultGenericMobileDriver.execute(DefaultGenericMobileDriver.java:41)
at io.appium.java_client.AppiumDriver.execute(AppiumDriver.java:1)
at io.appium.java_client.android.AndroidDriver.execute(AndroidDriver.java:1)
at org.openqa.selenium.remote.RemoteWebDriver.findElement(RemoteWebDriver.java:323)
at io.appium.java_client.DefaultGenericMobileDriver.findElement(DefaultGenericMobileDriver.java:61)
at io.appium.java_client.AppiumDriver.findElement(AppiumDriver.java:1)
at io.appium.java_client.android.AndroidDriver.findElement(AndroidDriver.java:1)
at org.openqa.selenium.remote.RemoteWebDriver.findElementById(RemoteWebDriver.java:372)
at io.appium.java_client.DefaultGenericMobileDriver.findElementById(DefaultGenericMobileDriver.java:69)
at io.appium.java_client.AppiumDriver.findElementById(AppiumDriver.java:1)
at io.appium.java_client.android.AndroidDriver.findElementById(AndroidDriver.java:1)
at org.openqa.selenium.By$ById.findElement(By.java:188)
at org.openqa.selenium.remote.RemoteWebDriver.findElement(RemoteWebDriver.java:315)
at io.appium.java_client.DefaultGenericMobileDriver.findElement(DefaultGenericMobileDriver.java:57)
at io.appium.java_client.AppiumDriver.findElement(AppiumDriver.java:1)
at io.appium.java_client.android.AndroidDriver.findElement(AndroidDriver.java:1)
at appium_Package.TestngTecno.CreateAccount(TestngTecno.java:101)
at java.util.ArrayList.forEach(Unknown Source)
... Removed 31 stack frames]]>
    </failure>
  </testcase> <!-- CreateAccount -->
  <testcase name="CreateAccount" time="5.467" classname="appium_Package.TestngTecno">
    <failure type="org.openqa.selenium.NoSuchElementException" message="An element could not be located on the page using the given search parameters.
For documentation on this error, please visit: https://www.seleniumhq.org/exceptions/no_such_element.html
Build info: version: &amp;apos;3.141.59&amp;apos;, revision: &amp;apos;e82be7d358&amp;apos;, time: &amp;apos;2018-11-14T08:25:48&amp;apos;
System info: host: &amp;apos;DESKTOP-4EFQLTI&amp;apos;, ip: &amp;apos;192.168.1.187&amp;apos;, os.name: &amp;apos;Windows 10&amp;apos;, os.arch: &amp;apos;amd64&amp;apos;, os.version: &amp;apos;10.0&amp;apos;, java.version: &amp;apos;1.8.0_161&amp;apos;
Driver info: io.appium.java_client.android.AndroidDriver
Capabilities {appActivity: com.obertys.fadel.customerc..., appPackage: com.obertys.fadel.customerc..., databaseEnabled: false, desired: {appActivity: com.obertys.fadel.customerc..., appPackage: com.obertys.fadel.customerc..., deviceName: Tecno J8, noReset: true, platformName: android, platformVersion: 5.1, udid: 0153801730301908}, deviceApiLevel: 22, deviceManufacturer: TECNO, deviceModel: TECNO-J8, deviceName: 0153801730301908, deviceScreenDensity: 320, deviceScreenSize: 720x1280, deviceUDID: 0153801730301908, javascriptEnabled: true, locationContextEnabled: false, networkConnectionEnabled: true, noReset: true, pixelRatio: 2, platform: LINUX, platformName: Android, platformVersion: 5.1, statBarHeight: 50, takesScreenshot: true, udid: 0153801730301908, viewportRect: {height: 1154, left: 0, top: 50, width: 720}, warnings: {}, webStorageEnabled: false}
Session ID: 8f1ca7fb-d12e-4a28-9c77-ce8b8088ed0b
*** Element info: {Using=id, value=com.obertys.fadel.customercorner:id/cardView}">
      <![CDATA[org.openqa.selenium.NoSuchElementException: An element could not be located on the page using the given search parameters.
For documentation on this error, please visit: https://www.seleniumhq.org/exceptions/no_such_element.html
Build info: version: '3.141.59', revision: 'e82be7d358', time: '2018-11-14T08:25:48'
System info: host: 'DESKTOP-4EFQLTI', ip: '192.168.1.187', os.name: 'Windows 10', os.arch: 'amd64', os.version: '10.0', java.version: '1.8.0_161'
Driver info: io.appium.java_client.android.AndroidDriver
Capabilities {appActivity: com.obertys.fadel.customerc..., appPackage: com.obertys.fadel.customerc..., databaseEnabled: false, desired: {appActivity: com.obertys.fadel.customerc..., appPackage: com.obertys.fadel.customerc..., deviceName: Tecno J8, noReset: true, platformName: android, platformVersion: 5.1, udid: 0153801730301908}, deviceApiLevel: 22, deviceManufacturer: TECNO, deviceModel: TECNO-J8, deviceName: 0153801730301908, deviceScreenDensity: 320, deviceScreenSize: 720x1280, deviceUDID: 0153801730301908, javascriptEnabled: true, locationContextEnabled: false, networkConnectionEnabled: true, noReset: true, pixelRatio: 2, platform: LINUX, platformName: Android, platformVersion: 5.1, statBarHeight: 50, takesScreenshot: true, udid: 0153801730301908, viewportRect: {height: 1154, left: 0, top: 50, width: 720}, warnings: {}, webStorageEnabled: false}
Session ID: 8f1ca7fb-d12e-4a28-9c77-ce8b8088ed0b
*** Element info: {Using=id, value=com.obertys.fadel.customercorner:id/cardView}
at org.openqa.selenium.remote.http.W3CHttpResponseCodec.createException(W3CHttpResponseCodec.java:187)
at org.openqa.selenium.remote.http.W3CHttpResponseCodec.decode(W3CHttpResponseCodec.java:122)
at org.openqa.selenium.remote.http.W3CHttpResponseCodec.decode(W3CHttpResponseCodec.java:49)
at org.openqa.selenium.remote.HttpCommandExecutor.execute(HttpCommandExecutor.java:158)
at io.appium.java_client.remote.AppiumCommandExecutor.execute(AppiumCommandExecutor.java:239)
at org.openqa.selenium.remote.RemoteWebDriver.execute(RemoteWebDriver.java:552)
at io.appium.java_client.DefaultGenericMobileDriver.execute(DefaultGenericMobileDriver.java:41)
at io.appium.java_client.AppiumDriver.execute(AppiumDriver.java:1)
at io.appium.java_client.android.AndroidDriver.execute(AndroidDriver.java:1)
at org.openqa.selenium.remote.RemoteWebDriver.findElement(RemoteWebDriver.java:323)
at io.appium.java_client.DefaultGenericMobileDriver.findElement(DefaultGenericMobileDriver.java:61)
at io.appium.java_client.AppiumDriver.findElement(AppiumDriver.java:1)
at io.appium.java_client.android.AndroidDriver.findElement(AndroidDriver.java:1)
at org.openqa.selenium.remote.RemoteWebDriver.findElementById(RemoteWebDriver.java:372)
at io.appium.java_client.DefaultGenericMobileDriver.findElementById(DefaultGenericMobileDriver.java:69)
at io.appium.java_client.AppiumDriver.findElementById(AppiumDriver.java:1)
at io.appium.java_client.android.AndroidDriver.findElementById(AndroidDriver.java:1)
at org.openqa.selenium.By$ById.findElement(By.java:188)
at org.openqa.selenium.remote.RemoteWebDriver.findElement(RemoteWebDriver.java:315)
at io.appium.java_client.DefaultGenericMobileDriver.findElement(DefaultGenericMobileDriver.java:57)
at io.appium.java_client.AppiumDriver.findElement(AppiumDriver.java:1)
at io.appium.java_client.android.AndroidDriver.findElement(AndroidDriver.java:1)
at appium_Package.TestngTecno.CreateAccount(TestngTecno.java:101)
at java.util.ArrayList.forEach(Unknown Source)
... Removed 31 stack frames]]>
    </failure>
  </testcase> <!-- CreateAccount -->
  <testcase name="CreateAccount" time="5.453" classname="appium_Package.TestngTecno">
    <failure type="org.openqa.selenium.NoSuchElementException" message="An element could not be located on the page using the given search parameters.
For documentation on this error, please visit: https://www.seleniumhq.org/exceptions/no_such_element.html
Build info: version: &amp;apos;3.141.59&amp;apos;, revision: &amp;apos;e82be7d358&amp;apos;, time: &amp;apos;2018-11-14T08:25:48&amp;apos;
System info: host: &amp;apos;DESKTOP-4EFQLTI&amp;apos;, ip: &amp;apos;192.168.1.187&amp;apos;, os.name: &amp;apos;Windows 10&amp;apos;, os.arch: &amp;apos;amd64&amp;apos;, os.version: &amp;apos;10.0&amp;apos;, java.version: &amp;apos;1.8.0_161&amp;apos;
Driver info: io.appium.java_client.android.AndroidDriver
Capabilities {appActivity: com.obertys.fadel.customerc..., appPackage: com.obertys.fadel.customerc..., databaseEnabled: false, desired: {appActivity: com.obertys.fadel.customerc..., appPackage: com.obertys.fadel.customerc..., deviceName: Tecno J8, noReset: true, platformName: android, platformVersion: 5.1, udid: 0153801730301908}, deviceApiLevel: 22, deviceManufacturer: TECNO, deviceModel: TECNO-J8, deviceName: 0153801730301908, deviceScreenDensity: 320, deviceScreenSize: 720x1280, deviceUDID: 0153801730301908, javascriptEnabled: true, locationContextEnabled: false, networkConnectionEnabled: true, noReset: true, pixelRatio: 2, platform: LINUX, platformName: Android, platformVersion: 5.1, statBarHeight: 50, takesScreenshot: true, udid: 0153801730301908, viewportRect: {height: 1154, left: 0, top: 50, width: 720}, warnings: {}, webStorageEnabled: false}
Session ID: 8f1ca7fb-d12e-4a28-9c77-ce8b8088ed0b
*** Element info: {Using=id, value=com.obertys.fadel.customercorner:id/cardView}">
      <![CDATA[org.openqa.selenium.NoSuchElementException: An element could not be located on the page using the given search parameters.
For documentation on this error, please visit: https://www.seleniumhq.org/exceptions/no_such_element.html
Build info: version: '3.141.59', revision: 'e82be7d358', time: '2018-11-14T08:25:48'
System info: host: 'DESKTOP-4EFQLTI', ip: '192.168.1.187', os.name: 'Windows 10', os.arch: 'amd64', os.version: '10.0', java.version: '1.8.0_161'
Driver info: io.appium.java_client.android.AndroidDriver
Capabilities {appActivity: com.obertys.fadel.customerc..., appPackage: com.obertys.fadel.customerc..., databaseEnabled: false, desired: {appActivity: com.obertys.fadel.customerc..., appPackage: com.obertys.fadel.customerc..., deviceName: Tecno J8, noReset: true, platformName: android, platformVersion: 5.1, udid: 0153801730301908}, deviceApiLevel: 22, deviceManufacturer: TECNO, deviceModel: TECNO-J8, deviceName: 0153801730301908, deviceScreenDensity: 320, deviceScreenSize: 720x1280, deviceUDID: 0153801730301908, javascriptEnabled: true, locationContextEnabled: false, networkConnectionEnabled: true, noReset: true, pixelRatio: 2, platform: LINUX, platformName: Android, platformVersion: 5.1, statBarHeight: 50, takesScreenshot: true, udid: 0153801730301908, viewportRect: {height: 1154, left: 0, top: 50, width: 720}, warnings: {}, webStorageEnabled: false}
Session ID: 8f1ca7fb-d12e-4a28-9c77-ce8b8088ed0b
*** Element info: {Using=id, value=com.obertys.fadel.customercorner:id/cardView}
at org.openqa.selenium.remote.http.W3CHttpResponseCodec.createException(W3CHttpResponseCodec.java:187)
at org.openqa.selenium.remote.http.W3CHttpResponseCodec.decode(W3CHttpResponseCodec.java:122)
at org.openqa.selenium.remote.http.W3CHttpResponseCodec.decode(W3CHttpResponseCodec.java:49)
at org.openqa.selenium.remote.HttpCommandExecutor.execute(HttpCommandExecutor.java:158)
at io.appium.java_client.remote.AppiumCommandExecutor.execute(AppiumCommandExecutor.java:239)
at org.openqa.selenium.remote.RemoteWebDriver.execute(RemoteWebDriver.java:552)
at io.appium.java_client.DefaultGenericMobileDriver.execute(DefaultGenericMobileDriver.java:41)
at io.appium.java_client.AppiumDriver.execute(AppiumDriver.java:1)
at io.appium.java_client.android.AndroidDriver.execute(AndroidDriver.java:1)
at org.openqa.selenium.remote.RemoteWebDriver.findElement(RemoteWebDriver.java:323)
at io.appium.java_client.DefaultGenericMobileDriver.findElement(DefaultGenericMobileDriver.java:61)
at io.appium.java_client.AppiumDriver.findElement(AppiumDriver.java:1)
at io.appium.java_client.android.AndroidDriver.findElement(AndroidDriver.java:1)
at org.openqa.selenium.remote.RemoteWebDriver.findElementById(RemoteWebDriver.java:372)
at io.appium.java_client.DefaultGenericMobileDriver.findElementById(DefaultGenericMobileDriver.java:69)
at io.appium.java_client.AppiumDriver.findElementById(AppiumDriver.java:1)
at io.appium.java_client.android.AndroidDriver.findElementById(AndroidDriver.java:1)
at org.openqa.selenium.By$ById.findElement(By.java:188)
at org.openqa.selenium.remote.RemoteWebDriver.findElement(RemoteWebDriver.java:315)
at io.appium.java_client.DefaultGenericMobileDriver.findElement(DefaultGenericMobileDriver.java:57)
at io.appium.java_client.AppiumDriver.findElement(AppiumDriver.java:1)
at io.appium.java_client.android.AndroidDriver.findElement(AndroidDriver.java:1)
at appium_Package.TestngTecno.CreateAccount(TestngTecno.java:101)
at java.util.ArrayList.forEach(Unknown Source)
... Removed 31 stack frames]]>
    </failure>
  </testcase> <!-- CreateAccount -->
  <testcase name="CreateAccount" time="5.387" classname="appium_Package.TestngTecno">
    <failure type="org.openqa.selenium.NoSuchElementException" message="An element could not be located on the page using the given search parameters.
For documentation on this error, please visit: https://www.seleniumhq.org/exceptions/no_such_element.html
Build info: version: &amp;apos;3.141.59&amp;apos;, revision: &amp;apos;e82be7d358&amp;apos;, time: &amp;apos;2018-11-14T08:25:48&amp;apos;
System info: host: &amp;apos;DESKTOP-4EFQLTI&amp;apos;, ip: &amp;apos;192.168.1.187&amp;apos;, os.name: &amp;apos;Windows 10&amp;apos;, os.arch: &amp;apos;amd64&amp;apos;, os.version: &amp;apos;10.0&amp;apos;, java.version: &amp;apos;1.8.0_161&amp;apos;
Driver info: io.appium.java_client.android.AndroidDriver
Capabilities {appActivity: com.obertys.fadel.customerc..., appPackage: com.obertys.fadel.customerc..., databaseEnabled: false, desired: {appActivity: com.obertys.fadel.customerc..., appPackage: com.obertys.fadel.customerc..., deviceName: Tecno J8, noReset: true, platformName: android, platformVersion: 5.1, udid: 0153801730301908}, deviceApiLevel: 22, deviceManufacturer: TECNO, deviceModel: TECNO-J8, deviceName: 0153801730301908, deviceScreenDensity: 320, deviceScreenSize: 720x1280, deviceUDID: 0153801730301908, javascriptEnabled: true, locationContextEnabled: false, networkConnectionEnabled: true, noReset: true, pixelRatio: 2, platform: LINUX, platformName: Android, platformVersion: 5.1, statBarHeight: 50, takesScreenshot: true, udid: 0153801730301908, viewportRect: {height: 1154, left: 0, top: 50, width: 720}, warnings: {}, webStorageEnabled: false}
Session ID: 8f1ca7fb-d12e-4a28-9c77-ce8b8088ed0b
*** Element info: {Using=id, value=com.obertys.fadel.customercorner:id/cardView}">
      <![CDATA[org.openqa.selenium.NoSuchElementException: An element could not be located on the page using the given search parameters.
For documentation on this error, please visit: https://www.seleniumhq.org/exceptions/no_such_element.html
Build info: version: '3.141.59', revision: 'e82be7d358', time: '2018-11-14T08:25:48'
System info: host: 'DESKTOP-4EFQLTI', ip: '192.168.1.187', os.name: 'Windows 10', os.arch: 'amd64', os.version: '10.0', java.version: '1.8.0_161'
Driver info: io.appium.java_client.android.AndroidDriver
Capabilities {appActivity: com.obertys.fadel.customerc..., appPackage: com.obertys.fadel.customerc..., databaseEnabled: false, desired: {appActivity: com.obertys.fadel.customerc..., appPackage: com.obertys.fadel.customerc..., deviceName: Tecno J8, noReset: true, platformName: android, platformVersion: 5.1, udid: 0153801730301908}, deviceApiLevel: 22, deviceManufacturer: TECNO, deviceModel: TECNO-J8, deviceName: 0153801730301908, deviceScreenDensity: 320, deviceScreenSize: 720x1280, deviceUDID: 0153801730301908, javascriptEnabled: true, locationContextEnabled: false, networkConnectionEnabled: true, noReset: true, pixelRatio: 2, platform: LINUX, platformName: Android, platformVersion: 5.1, statBarHeight: 50, takesScreenshot: true, udid: 0153801730301908, viewportRect: {height: 1154, left: 0, top: 50, width: 720}, warnings: {}, webStorageEnabled: false}
Session ID: 8f1ca7fb-d12e-4a28-9c77-ce8b8088ed0b
*** Element info: {Using=id, value=com.obertys.fadel.customercorner:id/cardView}
at org.openqa.selenium.remote.http.W3CHttpResponseCodec.createException(W3CHttpResponseCodec.java:187)
at org.openqa.selenium.remote.http.W3CHttpResponseCodec.decode(W3CHttpResponseCodec.java:122)
at org.openqa.selenium.remote.http.W3CHttpResponseCodec.decode(W3CHttpResponseCodec.java:49)
at org.openqa.selenium.remote.HttpCommandExecutor.execute(HttpCommandExecutor.java:158)
at io.appium.java_client.remote.AppiumCommandExecutor.execute(AppiumCommandExecutor.java:239)
at org.openqa.selenium.remote.RemoteWebDriver.execute(RemoteWebDriver.java:552)
at io.appium.java_client.DefaultGenericMobileDriver.execute(DefaultGenericMobileDriver.java:41)
at io.appium.java_client.AppiumDriver.execute(AppiumDriver.java:1)
at io.appium.java_client.android.AndroidDriver.execute(AndroidDriver.java:1)
at org.openqa.selenium.remote.RemoteWebDriver.findElement(RemoteWebDriver.java:323)
at io.appium.java_client.DefaultGenericMobileDriver.findElement(DefaultGenericMobileDriver.java:61)
at io.appium.java_client.AppiumDriver.findElement(AppiumDriver.java:1)
at io.appium.java_client.android.AndroidDriver.findElement(AndroidDriver.java:1)
at org.openqa.selenium.remote.RemoteWebDriver.findElementById(RemoteWebDriver.java:372)
at io.appium.java_client.DefaultGenericMobileDriver.findElementById(DefaultGenericMobileDriver.java:69)
at io.appium.java_client.AppiumDriver.findElementById(AppiumDriver.java:1)
at io.appium.java_client.android.AndroidDriver.findElementById(AndroidDriver.java:1)
at org.openqa.selenium.By$ById.findElement(By.java:188)
at org.openqa.selenium.remote.RemoteWebDriver.findElement(RemoteWebDriver.java:315)
at io.appium.java_client.DefaultGenericMobileDriver.findElement(DefaultGenericMobileDriver.java:57)
at io.appium.java_client.AppiumDriver.findElement(AppiumDriver.java:1)
at io.appium.java_client.android.AndroidDriver.findElement(AndroidDriver.java:1)
at appium_Package.TestngTecno.CreateAccount(TestngTecno.java:101)
at java.util.ArrayList.forEach(Unknown Source)
... Removed 31 stack frames]]>
    </failure>
  </testcase> <!-- CreateAccount -->
  <testcase name="CreateAccount" time="5.033" classname="appium_Package.TestngTecno">
    <failure type="org.openqa.selenium.NoSuchElementException" message="An element could not be located on the page using the given search parameters.
For documentation on this error, please visit: https://www.seleniumhq.org/exceptions/no_such_element.html
Build info: version: &amp;apos;3.141.59&amp;apos;, revision: &amp;apos;e82be7d358&amp;apos;, time: &amp;apos;2018-11-14T08:25:48&amp;apos;
System info: host: &amp;apos;DESKTOP-4EFQLTI&amp;apos;, ip: &amp;apos;192.168.1.187&amp;apos;, os.name: &amp;apos;Windows 10&amp;apos;, os.arch: &amp;apos;amd64&amp;apos;, os.version: &amp;apos;10.0&amp;apos;, java.version: &amp;apos;1.8.0_161&amp;apos;
Driver info: io.appium.java_client.android.AndroidDriver
Capabilities {appActivity: com.obertys.fadel.customerc..., appPackage: com.obertys.fadel.customerc..., databaseEnabled: false, desired: {appActivity: com.obertys.fadel.customerc..., appPackage: com.obertys.fadel.customerc..., deviceName: Tecno J8, noReset: true, platformName: android, platformVersion: 5.1, udid: 0153801730301908}, deviceApiLevel: 22, deviceManufacturer: TECNO, deviceModel: TECNO-J8, deviceName: 0153801730301908, deviceScreenDensity: 320, deviceScreenSize: 720x1280, deviceUDID: 0153801730301908, javascriptEnabled: true, locationContextEnabled: false, networkConnectionEnabled: true, noReset: true, pixelRatio: 2, platform: LINUX, platformName: Android, platformVersion: 5.1, statBarHeight: 50, takesScreenshot: true, udid: 0153801730301908, viewportRect: {height: 1154, left: 0, top: 50, width: 720}, warnings: {}, webStorageEnabled: false}
Session ID: 8f1ca7fb-d12e-4a28-9c77-ce8b8088ed0b
*** Element info: {Using=id, value=com.obertys.fadel.customercorner:id/cardView}">
      <![CDATA[org.openqa.selenium.NoSuchElementException: An element could not be located on the page using the given search parameters.
For documentation on this error, please visit: https://www.seleniumhq.org/exceptions/no_such_element.html
Build info: version: '3.141.59', revision: 'e82be7d358', time: '2018-11-14T08:25:48'
System info: host: 'DESKTOP-4EFQLTI', ip: '192.168.1.187', os.name: 'Windows 10', os.arch: 'amd64', os.version: '10.0', java.version: '1.8.0_161'
Driver info: io.appium.java_client.android.AndroidDriver
Capabilities {appActivity: com.obertys.fadel.customerc..., appPackage: com.obertys.fadel.customerc..., databaseEnabled: false, desired: {appActivity: com.obertys.fadel.customerc..., appPackage: com.obertys.fadel.customerc..., deviceName: Tecno J8, noReset: true, platformName: android, platformVersion: 5.1, udid: 0153801730301908}, deviceApiLevel: 22, deviceManufacturer: TECNO, deviceModel: TECNO-J8, deviceName: 0153801730301908, deviceScreenDensity: 320, deviceScreenSize: 720x1280, deviceUDID: 0153801730301908, javascriptEnabled: true, locationContextEnabled: false, networkConnectionEnabled: true, noReset: true, pixelRatio: 2, platform: LINUX, platformName: Android, platformVersion: 5.1, statBarHeight: 50, takesScreenshot: true, udid: 0153801730301908, viewportRect: {height: 1154, left: 0, top: 50, width: 720}, warnings: {}, webStorageEnabled: false}
Session ID: 8f1ca7fb-d12e-4a28-9c77-ce8b8088ed0b
*** Element info: {Using=id, value=com.obertys.fadel.customercorner:id/cardView}
at org.openqa.selenium.remote.http.W3CHttpResponseCodec.createException(W3CHttpResponseCodec.java:187)
at org.openqa.selenium.remote.http.W3CHttpResponseCodec.decode(W3CHttpResponseCodec.java:122)
at org.openqa.selenium.remote.http.W3CHttpResponseCodec.decode(W3CHttpResponseCodec.java:49)
at org.openqa.selenium.remote.HttpCommandExecutor.execute(HttpCommandExecutor.java:158)
at io.appium.java_client.remote.AppiumCommandExecutor.execute(AppiumCommandExecutor.java:239)
at org.openqa.selenium.remote.RemoteWebDriver.execute(RemoteWebDriver.java:552)
at io.appium.java_client.DefaultGenericMobileDriver.execute(DefaultGenericMobileDriver.java:41)
at io.appium.java_client.AppiumDriver.execute(AppiumDriver.java:1)
at io.appium.java_client.android.AndroidDriver.execute(AndroidDriver.java:1)
at org.openqa.selenium.remote.RemoteWebDriver.findElement(RemoteWebDriver.java:323)
at io.appium.java_client.DefaultGenericMobileDriver.findElement(DefaultGenericMobileDriver.java:61)
at io.appium.java_client.AppiumDriver.findElement(AppiumDriver.java:1)
at io.appium.java_client.android.AndroidDriver.findElement(AndroidDriver.java:1)
at org.openqa.selenium.remote.RemoteWebDriver.findElementById(RemoteWebDriver.java:372)
at io.appium.java_client.DefaultGenericMobileDriver.findElementById(DefaultGenericMobileDriver.java:69)
at io.appium.java_client.AppiumDriver.findElementById(AppiumDriver.java:1)
at io.appium.java_client.android.AndroidDriver.findElementById(AndroidDriver.java:1)
at org.openqa.selenium.By$ById.findElement(By.java:188)
at org.openqa.selenium.remote.RemoteWebDriver.findElement(RemoteWebDriver.java:315)
at io.appium.java_client.DefaultGenericMobileDriver.findElement(DefaultGenericMobileDriver.java:57)
at io.appium.java_client.AppiumDriver.findElement(AppiumDriver.java:1)
at io.appium.java_client.android.AndroidDriver.findElement(AndroidDriver.java:1)
at appium_Package.TestngTecno.CreateAccount(TestngTecno.java:101)
at java.util.ArrayList.forEach(Unknown Source)
... Removed 31 stack frames]]>
    </failure>
  </testcase> <!-- CreateAccount -->
  <testcase name="CreateAccount" time="5.264" classname="appium_Package.TestngTecno">
    <failure type="org.openqa.selenium.NoSuchElementException" message="An element could not be located on the page using the given search parameters.
For documentation on this error, please visit: https://www.seleniumhq.org/exceptions/no_such_element.html
Build info: version: &amp;apos;3.141.59&amp;apos;, revision: &amp;apos;e82be7d358&amp;apos;, time: &amp;apos;2018-11-14T08:25:48&amp;apos;
System info: host: &amp;apos;DESKTOP-4EFQLTI&amp;apos;, ip: &amp;apos;192.168.1.187&amp;apos;, os.name: &amp;apos;Windows 10&amp;apos;, os.arch: &amp;apos;amd64&amp;apos;, os.version: &amp;apos;10.0&amp;apos;, java.version: &amp;apos;1.8.0_161&amp;apos;
Driver info: io.appium.java_client.android.AndroidDriver
Capabilities {appActivity: com.obertys.fadel.customerc..., appPackage: com.obertys.fadel.customerc..., databaseEnabled: false, desired: {appActivity: com.obertys.fadel.customerc..., appPackage: com.obertys.fadel.customerc..., deviceName: Tecno J8, noReset: true, platformName: android, platformVersion: 5.1, udid: 0153801730301908}, deviceApiLevel: 22, deviceManufacturer: TECNO, deviceModel: TECNO-J8, deviceName: 0153801730301908, deviceScreenDensity: 320, deviceScreenSize: 720x1280, deviceUDID: 0153801730301908, javascriptEnabled: true, locationContextEnabled: false, networkConnectionEnabled: true, noReset: true, pixelRatio: 2, platform: LINUX, platformName: Android, platformVersion: 5.1, statBarHeight: 50, takesScreenshot: true, udid: 0153801730301908, viewportRect: {height: 1154, left: 0, top: 50, width: 720}, warnings: {}, webStorageEnabled: false}
Session ID: 8f1ca7fb-d12e-4a28-9c77-ce8b8088ed0b
*** Element info: {Using=id, value=com.obertys.fadel.customercorner:id/cardView}">
      <![CDATA[org.openqa.selenium.NoSuchElementException: An element could not be located on the page using the given search parameters.
For documentation on this error, please visit: https://www.seleniumhq.org/exceptions/no_such_element.html
Build info: version: '3.141.59', revision: 'e82be7d358', time: '2018-11-14T08:25:48'
System info: host: 'DESKTOP-4EFQLTI', ip: '192.168.1.187', os.name: 'Windows 10', os.arch: 'amd64', os.version: '10.0', java.version: '1.8.0_161'
Driver info: io.appium.java_client.android.AndroidDriver
Capabilities {appActivity: com.obertys.fadel.customerc..., appPackage: com.obertys.fadel.customerc..., databaseEnabled: false, desired: {appActivity: com.obertys.fadel.customerc..., appPackage: com.obertys.fadel.customerc..., deviceName: Tecno J8, noReset: true, platformName: android, platformVersion: 5.1, udid: 0153801730301908}, deviceApiLevel: 22, deviceManufacturer: TECNO, deviceModel: TECNO-J8, deviceName: 0153801730301908, deviceScreenDensity: 320, deviceScreenSize: 720x1280, deviceUDID: 0153801730301908, javascriptEnabled: true, locationContextEnabled: false, networkConnectionEnabled: true, noReset: true, pixelRatio: 2, platform: LINUX, platformName: Android, platformVersion: 5.1, statBarHeight: 50, takesScreenshot: true, udid: 0153801730301908, viewportRect: {height: 1154, left: 0, top: 50, width: 720}, warnings: {}, webStorageEnabled: false}
Session ID: 8f1ca7fb-d12e-4a28-9c77-ce8b8088ed0b
*** Element info: {Using=id, value=com.obertys.fadel.customercorner:id/cardView}
at org.openqa.selenium.remote.http.W3CHttpResponseCodec.createException(W3CHttpResponseCodec.java:187)
at org.openqa.selenium.remote.http.W3CHttpResponseCodec.decode(W3CHttpResponseCodec.java:122)
at org.openqa.selenium.remote.http.W3CHttpResponseCodec.decode(W3CHttpResponseCodec.java:49)
at org.openqa.selenium.remote.HttpCommandExecutor.execute(HttpCommandExecutor.java:158)
at io.appium.java_client.remote.AppiumCommandExecutor.execute(AppiumCommandExecutor.java:239)
at org.openqa.selenium.remote.RemoteWebDriver.execute(RemoteWebDriver.java:552)
at io.appium.java_client.DefaultGenericMobileDriver.execute(DefaultGenericMobileDriver.java:41)
at io.appium.java_client.AppiumDriver.execute(AppiumDriver.java:1)
at io.appium.java_client.android.AndroidDriver.execute(AndroidDriver.java:1)
at org.openqa.selenium.remote.RemoteWebDriver.findElement(RemoteWebDriver.java:323)
at io.appium.java_client.DefaultGenericMobileDriver.findElement(DefaultGenericMobileDriver.java:61)
at io.appium.java_client.AppiumDriver.findElement(AppiumDriver.java:1)
at io.appium.java_client.android.AndroidDriver.findElement(AndroidDriver.java:1)
at org.openqa.selenium.remote.RemoteWebDriver.findElementById(RemoteWebDriver.java:372)
at io.appium.java_client.DefaultGenericMobileDriver.findElementById(DefaultGenericMobileDriver.java:69)
at io.appium.java_client.AppiumDriver.findElementById(AppiumDriver.java:1)
at io.appium.java_client.android.AndroidDriver.findElementById(AndroidDriver.java:1)
at org.openqa.selenium.By$ById.findElement(By.java:188)
at org.openqa.selenium.remote.RemoteWebDriver.findElement(RemoteWebDriver.java:315)
at io.appium.java_client.DefaultGenericMobileDriver.findElement(DefaultGenericMobileDriver.java:57)
at io.appium.java_client.AppiumDriver.findElement(AppiumDriver.java:1)
at io.appium.java_client.android.AndroidDriver.findElement(AndroidDriver.java:1)
at appium_Package.TestngTecno.CreateAccount(TestngTecno.java:101)
at java.util.ArrayList.forEach(Unknown Source)
... Removed 31 stack frames]]>
    </failure>
  </testcase> <!-- CreateAccount -->
</testsuite> <!-- Test1(failed) -->
